<?xml version="1.0" encoding="UTF-8"?>
<!-- Generated by org.testng.reporters.JUnitReportReporter -->
<testsuite hostname="LAPTOP-9NVR73UN" failures="0" tests="4" name="testng.annotations.TestPriority" time="0.011" errors="0" timestamp="2021-07-13T15:28:17 IST" skipped="0">
  <testcase classname="testng.annotations.TestPriority" name="d_method" time="0.003"/>
  <system-out/>
  <testcase classname="testng.annotations.TestPriority" name="c_method" time="0.003"/>
  <system-out/>
  <testcase classname="testng.annotations.TestPriority" name="b_method" time="0.003"/>
  <system-out/>
  <testcase classname="testng.annotations.TestPriority" name="a_method" time="0.002"/>
  <system-out/>
</testsuite> <!-- testng.annotations.TestPriority -->
