<?xml version="1.0" encoding="UTF-8"?>
<!-- Generated by org.testng.reporters.JUnitReportReporter -->
<testsuite hostname="LAPTOP-9NVR73UN" failures="0" tests="1" name="Default.NewTest" time="6.265" errors="0" timestamp="2021-07-12T18:13:10 IST" skipped="0">
  <testcase classname="Default.NewTest" name="f" time="6.265"/>
  <system-out/>
</testsuite> <!-- Default.NewTest -->
