<?xml version="1.0" encoding="UTF-8"?>
<!-- Generated by org.testng.reporters.JUnitReportReporter -->
<testsuite hostname="LAPTOP-9NVR73UN" failures="0" tests="1" name="testng.annotations.NewTest" time="14.063" errors="0" timestamp="2021-07-13T15:28:17 IST" skipped="0">
  <testcase classname="testng.annotations.NewTest" name="f" time="14.063"/>
  <system-out/>
</testsuite> <!-- testng.annotations.NewTest -->
