<?xml version="1.0" encoding="UTF-8"?>
<!-- Generated by org.testng.reporters.JUnitReportReporter -->
<testsuite hostname="LAPTOP-9NVR73UN" failures="0" tests="4" name="testing.annotations.TestPriority" time="0.057" errors="0" timestamp="2021-07-13T14:30:20 IST" skipped="0">
  <testcase classname="testing.annotations.TestPriority" name="d_method" time="0.009"/>
  <system-out/>
  <testcase classname="testing.annotations.TestPriority" name="c_method" time="0.028"/>
  <system-out/>
  <testcase classname="testing.annotations.TestPriority" name="b_method" time="0.011"/>
  <system-out/>
  <testcase classname="testing.annotations.TestPriority" name="a_method" time="0.009"/>
  <system-out/>
</testsuite> <!-- testing.annotations.TestPriority -->
