<?xml version="1.0" encoding="UTF-8"?>
<!-- Generated by org.testng.reporters.JUnitReportReporter -->
<testsuite hostname="LAPTOP-9NVR73UN" failures="0" tests="1" name="Default.NewTest" time="8.193" errors="0" timestamp="2021-07-12T17:45:26 IST" skipped="0">
  <testcase classname="Default.NewTest" name="f" time="8.193"/>
  <system-out/>
</testsuite> <!-- Default.NewTest -->
